<?xml version="1.0" encoding="UTF-8"?>
<testng-results ignored="0" total="1" passed="1" failed="0" skipped="0">
  <reporter-output>
  </reporter-output>
  <suite started-at="2022-08-21T16:09:53 IST" name="AmazonSuite" finished-at="2022-08-21T16:14:14 IST" duration-ms="260748">
    <groups>
    </groups>
    <test started-at="2022-08-21T16:09:53 IST" name="Test" finished-at="2022-08-21T16:14:14 IST" duration-ms="260748">
      <class name="com.amazon.addToCart.AmazonTest">
        <test-method is-config="true" signature="browserlaunch()[pri:0, instance:com.amazon.addToCart.AmazonTest@2f7c2f4f]" started-at="2022-08-21T16:09:53 IST" name="browserlaunch" finished-at="2022-08-21T16:10:58 IST" duration-ms="64601" status="PASS">
          <reporter-output>
          </reporter-output>
        </test-method> <!-- browserlaunch -->
        <test-method signature="login()[pri:0, instance:com.amazon.addToCart.AmazonTest@2f7c2f4f]" started-at="2022-08-21T16:10:58 IST" name="login" finished-at="2022-08-21T16:14:14 IST" duration-ms="195898" status="PASS">
          <reporter-output>
          </reporter-output>
        </test-method> <!-- login -->
      </class> <!-- com.amazon.addToCart.AmazonTest -->
    </test> <!-- Test -->
  </suite> <!-- AmazonSuite -->
</testng-results>
